<?xml version="1.0" encoding="UTF-8"?>
<testsuite xmlns:xsi="http://www.w3.org/2001/XMLSchema-instance" xsi:noNamespaceSchemaLocation="https://maven.apache.org/surefire/maven-surefire-plugin/xsd/surefire-test-report.xsd" name="morgom.maven.TestMessageBuilder" time="0" tests="2" errors="0" skipped="0" failures="0">
  <properties>
    <property name="sun.desktop" value="windows"/>
    <property name="awt.toolkit" value="sun.awt.windows.WToolkit"/>
    <property name="file.encoding.pkg" value="sun.io"/>
    <property name="java.specification.version" value="1.8"/>
    <property name="sun.cpu.isalist" value="amd64"/>
    <property name="sun.jnu.encoding" value="Cp1252"/>
    <property name="java.class.path" value="C:\Users\erick.morales\.jenkins\workspace\Junit2\target\test-classes;C:\Users\erick.morales\.jenkins\workspace\Junit2\target\classes;C:\Users\erick.morales\.m2\repository\junit\junit\4.8.2\junit-4.8.2.jar;C:\Users\erick.morales\.m2\repository\org\junit\jupiter\junit-jupiter-engine\5.4.0\junit-jupiter-engine-5.4.0.jar;C:\Users\erick.morales\.m2\repository\org\apiguardian\apiguardian-api\1.0.0\apiguardian-api-1.0.0.jar;C:\Users\erick.morales\.m2\repository\org\junit\platform\junit-platform-engine\1.4.0\junit-platform-engine-1.4.0.jar;C:\Users\erick.morales\.m2\repository\org\opentest4j\opentest4j\1.1.1\opentest4j-1.1.1.jar;C:\Users\erick.morales\.m2\repository\org\junit\platform\junit-platform-commons\1.4.0\junit-platform-commons-1.4.0.jar;C:\Users\erick.morales\.m2\repository\org\junit\jupiter\junit-jupiter-api\5.4.0\junit-jupiter-api-5.4.0.jar;C:\Users\erick.morales\.m2\repository\org\apache\maven\plugin-testing\maven-plugin-testing-harness\3.3.0\maven-plugin-testing-harness-3.3.0.jar;C:\Users\erick.morales\.m2\repository\commons-io\commons-io\2.2\commons-io-2.2.jar;C:\Users\erick.morales\.m2\repository\org\codehaus\plexus\plexus-archiver\2.2\plexus-archiver-2.2.jar;C:\Users\erick.morales\.m2\repository\org\codehaus\plexus\plexus-container-default\1.0-alpha-9-stable-1\plexus-container-default-1.0-alpha-9-stable-1.jar;C:\Users\erick.morales\.m2\repository\classworlds\classworlds\1.1-alpha-2\classworlds-1.1-alpha-2.jar;C:\Users\erick.morales\.m2\repository\org\codehaus\plexus\plexus-utils\3.0.7\plexus-utils-3.0.7.jar;C:\Users\erick.morales\.m2\repository\org\codehaus\plexus\plexus-io\2.0.4\plexus-io-2.0.4.jar;"/>
    <property name="java.vm.vendor" value="Oracle Corporation"/>
    <property name="sun.arch.data.model" value="64"/>
    <property name="user.variant" value=""/>
    <property name="java.vendor.url" value="http://java.oracle.com/"/>
    <property name="user.timezone" value="America/Los_Angeles"/>
    <property name="java.vm.specification.version" value="1.8"/>
    <property name="os.name" value="Windows 10"/>
    <property name="user.country" value="MX"/>
    <property name="sun.java.launcher" value="SUN_STANDARD"/>
    <property name="sun.boot.library.path" value="C:\Users\erick.morales\jdk1.8.0_231\jre\bin"/>
    <property name="sun.java.command" value="C:\Users\ERICK~1.MOR\AppData\Local\Temp\surefire3333730960360067860\surefirebooter8107801914606804320.jar C:\Users\erick.morales\AppData\Local\Temp\surefire3333730960360067860 2021-02-25T13-00-47_933-jvmRun1 surefire3881104300463745295tmp surefire_0708841684541105537tmp"/>
    <property name="surefire.test.class.path" value="C:\Users\erick.morales\.jenkins\workspace\Junit2\target\test-classes;C:\Users\erick.morales\.jenkins\workspace\Junit2\target\classes;C:\Users\erick.morales\.m2\repository\junit\junit\4.8.2\junit-4.8.2.jar;C:\Users\erick.morales\.m2\repository\org\junit\jupiter\junit-jupiter-engine\5.4.0\junit-jupiter-engine-5.4.0.jar;C:\Users\erick.morales\.m2\repository\org\apiguardian\apiguardian-api\1.0.0\apiguardian-api-1.0.0.jar;C:\Users\erick.morales\.m2\repository\org\junit\platform\junit-platform-engine\1.4.0\junit-platform-engine-1.4.0.jar;C:\Users\erick.morales\.m2\repository\org\opentest4j\opentest4j\1.1.1\opentest4j-1.1.1.jar;C:\Users\erick.morales\.m2\repository\org\junit\platform\junit-platform-commons\1.4.0\junit-platform-commons-1.4.0.jar;C:\Users\erick.morales\.m2\repository\org\junit\jupiter\junit-jupiter-api\5.4.0\junit-jupiter-api-5.4.0.jar;C:\Users\erick.morales\.m2\repository\org\apache\maven\plugin-testing\maven-plugin-testing-harness\3.3.0\maven-plugin-testing-harness-3.3.0.jar;C:\Users\erick.morales\.m2\repository\commons-io\commons-io\2.2\commons-io-2.2.jar;C:\Users\erick.morales\.m2\repository\org\codehaus\plexus\plexus-archiver\2.2\plexus-archiver-2.2.jar;C:\Users\erick.morales\.m2\repository\org\codehaus\plexus\plexus-container-default\1.0-alpha-9-stable-1\plexus-container-default-1.0-alpha-9-stable-1.jar;C:\Users\erick.morales\.m2\repository\classworlds\classworlds\1.1-alpha-2\classworlds-1.1-alpha-2.jar;C:\Users\erick.morales\.m2\repository\org\codehaus\plexus\plexus-utils\3.0.7\plexus-utils-3.0.7.jar;C:\Users\erick.morales\.m2\repository\org\codehaus\plexus\plexus-io\2.0.4\plexus-io-2.0.4.jar;"/>
    <property name="sun.cpu.endian" value="little"/>
    <property name="user.home" value="C:\Users\erick.morales"/>
    <property name="user.language" value="es"/>
    <property name="java.specification.vendor" value="Oracle Corporation"/>
    <property name="java.home" value="C:\Users\erick.morales\jdk1.8.0_231\jre"/>
    <property name="basedir" value="C:\Users\erick.morales\.jenkins\workspace\Junit2"/>
    <property name="file.separator" value="\"/>
    <property name="line.separator" value="&#10;"/>
    <property name="java.vm.specification.vendor" value="Oracle Corporation"/>
    <property name="java.specification.name" value="Java Platform API Specification"/>
    <property name="java.awt.graphicsenv" value="sun.awt.Win32GraphicsEnvironment"/>
    <property name="surefire.real.class.path" value="C:\Users\ERICK~1.MOR\AppData\Local\Temp\surefire3333730960360067860\surefirebooter8107801914606804320.jar"/>
    <property name="sun.boot.class.path" value="C:\Users\erick.morales\jdk1.8.0_231\jre\lib\resources.jar;C:\Users\erick.morales\jdk1.8.0_231\jre\lib\rt.jar;C:\Users\erick.morales\jdk1.8.0_231\jre\lib\sunrsasign.jar;C:\Users\erick.morales\jdk1.8.0_231\jre\lib\jsse.jar;C:\Users\erick.morales\jdk1.8.0_231\jre\lib\jce.jar;C:\Users\erick.morales\jdk1.8.0_231\jre\lib\charsets.jar;C:\Users\erick.morales\jdk1.8.0_231\jre\lib\jfr.jar;C:\Users\erick.morales\jdk1.8.0_231\jre\classes"/>
    <property name="user.script" value=""/>
    <property name="sun.management.compiler" value="HotSpot 64-Bit Tiered Compilers"/>
    <property name="java.runtime.version" value="1.8.0_231-b11"/>
    <property name="user.name" value="erick.morales"/>
    <property name="path.separator" value=";"/>
    <property name="os.version" value="10.0"/>
    <property name="java.endorsed.dirs" value="C:\Users\erick.morales\jdk1.8.0_231\jre\lib\endorsed"/>
    <property name="java.runtime.name" value="Java(TM) SE Runtime Environment"/>
    <property name="file.encoding" value="Cp1252"/>
    <property name="java.vm.name" value="Java HotSpot(TM) 64-Bit Server VM"/>
    <property name="localRepository" value="C:\Users\erick.morales\.m2\repository"/>
    <property name="java.vendor.url.bug" value="http://bugreport.sun.com/bugreport/"/>
    <property name="java.io.tmpdir" value="C:\Users\ERICK~1.MOR\AppData\Local\Temp\"/>
    <property name="java.version" value="1.8.0_231"/>
    <property name="user.dir" value="C:\Users\erick.morales\.jenkins\workspace\Junit2"/>
    <property name="os.arch" value="amd64"/>
    <property name="java.vm.specification.name" value="Java Virtual Machine Specification"/>
    <property name="java.awt.printerjob" value="sun.awt.windows.WPrinterJob"/>
    <property name="sun.os.patch.level" value=""/>
    <property name="java.library.path" value="C:\Users\erick.morales\jdk1.8.0_231\jre\bin;C:\WINDOWS\Sun\Java\bin;C:\WINDOWS\system32;C:\WINDOWS;C:\Users\erick.morales\Documents\apache-maven-3.6.3/bin;C:\Users\erick.morales\Documents\apache-maven-3.6.3/bin;C:\Program Files (x86)\Common Files\Oracle\Java\javapath;C:\WINDOWS\system32;C:\WINDOWS;C:\WINDOWS\System32\Wbem;C:\WINDOWS\System32\WindowsPowerShell\v1.0\;C:\WINDOWS\System32\OpenSSH\;C:\Program Files\Intel\WiFi\bin\;C:\Program Files\Common Files\Intel\WirelessCommon\;C:\Program Files (x86)\Intel\Intel(R) Management Engine Components\DAL;C:\Program Files\Intel\Intel(R) Management Engine Components\DAL;C:\Users\erick.morales\Documents\apache-maven-3.6.2\bin;C:\Program Files\Java\jdk1.8.0_231\bin;C:\Users\erick.morales\Documents\sonar-scanner-4.2.0.1873-windows\bin;C:\Program Files\Git\cmd;C:\HashiCorp\Vagrant\bin;C:\Program Files\PuTTY\;C:\Program Files\Docker\Docker\resources\bin;C:\ProgramData\DockerDesktop\version-bin;C:\Users\erick.morales\jdk1.8.0_231\bin;C:\Users\erick.morales\Documents\apache-maven-3.6.3\bin;C:\Users\erick.morales\Documents;C:\Users\erick.morales\terraform;C:\Users\erick.morales\AppData\Roaming\terraform.rc;C:\Users\erick.morales\AppData\Local\Microsoft\WindowsApps;C:\Users\erick.morales\AppData\Local\Programs\Microsoft VS Code\bin;C:\Users\erick.morales\Documents\apache-maven-3.6.3\bin;C:\Users\erick.morales\AppData\Local\Google\Cloud SDK\google-cloud-sdk\bin;C:\Users\erick.morales\Documents\dotnet-sdk-2.1.202;%GECKO_PATH%;C:\Users\erick.morales\Documents\chromedriver\chromedriver.exe;C:\Users\erick.morales\AppData\Local\Packages\PythonSoftwareFoundation.Python.3.8_qbz5n2kfra8p0\LocalCache\local-packages\Python38\Scripts\aws.cmd;;."/>
    <property name="java.vm.info" value="mixed mode"/>
    <property name="java.vendor" value="Oracle Corporation"/>
    <property name="java.vm.version" value="25.231-b11"/>
    <property name="java.ext.dirs" value="C:\Users\erick.morales\jdk1.8.0_231\jre\lib\ext;C:\WINDOWS\Sun\Java\lib\ext"/>
    <property name="sun.io.unicode.encoding" value="UnicodeLittle"/>
    <property name="java.class.version" value="52.0"/>
  </properties>
  <testcase name="testNumber10" classname="morgom.maven.TestMessageBuilder" time="0"/>
  <testcase name="testHelloWorld" classname="morgom.maven.TestMessageBuilder" time="0"/>
</testsuite>